<?xml version="1.0" encoding="UTF-8"?>
<!-- Generated by org.testng.reporters.JUnitXMLReporter -->
<testsuite ignored="0" hostname="LapWinX-GE017" failures="0" tests="3" name="Chrome_Test" time="25.208" errors="0" timestamp="2025-01-27T10:53:34 IST">
  <testcase classname="Test_Cases.TC_001" name="entrytest" time="0.112"/>
  <testcase classname="Test_Cases.TC_001" name="entrytest" time="0.006"/>
  <testcase classname="Test_Cases.TC_001" name="entrytest" time="0.003"/>
</testsuite> <!-- Chrome_Test -->
