<?xml version="1.0" encoding="UTF-8"?>
<!-- Generated by org.testng.reporters.JUnitXMLReporter -->
<testsuite ignored="0" hostname="LapWinX-GE017" failures="0" tests="3" name="Edge_Test" time="29.198" errors="0" timestamp="2025-01-27T10:53:38 IST">
  <testcase classname="Test_Cases.TC_001" name="entrytest" time="0.004"/>
  <testcase classname="Test_Cases.TC_001" name="entrytest" time="0.003"/>
  <testcase classname="Test_Cases.TC_001" name="entrytest" time="0.002"/>
</testsuite> <!-- Edge_Test -->
