<?xml version="1.0" encoding="UTF-8"?>
<!-- Generated by org.testng.reporters.JUnitXMLReporter -->
<testsuite ignored="0" hostname="LapWinX-GE017" failures="0" tests="3" name="Firefox_Test" time="27.012" errors="0" timestamp="2025-01-27T10:53:35 IST">
  <testcase classname="Test_Cases.TC_001" name="entrytest" time="0.002"/>
  <testcase classname="Test_Cases.TC_001" name="entrytest" time="0.005"/>
  <testcase classname="Test_Cases.TC_001" name="entrytest" time="0.003"/>
</testsuite> <!-- Firefox_Test -->
