<?xml version="1.0" encoding="UTF-8"?>
<!-- Generated by org.testng.reporters.JUnitXMLReporter -->
<testsuite ignored="1" hostname="LapWinX-GE017" failures="0" tests="6" name="Test" time="10.04" errors="0" timestamp="2025-01-27T11:51:28 IST">
  <testcase classname="Test_Cases.TC_001" name="entrytest" time="0.028"/>
  <testcase classname="Test_Cases.TC_001" name="entrytest" time="0.003"/>
  <testcase classname="Test_Cases.TC_001" name="entrytest" time="0.001"/>
  <testcase classname="Test_Cases.TC_002" name="tabledata" time="0.001"/>
  <testcase classname="Test_Cases.TC_002" name="tabledata" time="0.002"/>
  <testcase classname="Test_Cases.TC_002" name="tabledata" time="0.001"/>
  <testcase classname="Test_Cases.TC_003" name="entrytest" time="0.0">
    <ignored/>
  </testcase> <!-- entrytest -->
</testsuite> <!-- Test -->
