<?xml version="1.0" encoding="UTF-8"?>
<testng-results ignored="0" total="1" passed="1" failed="0" skipped="0">
  <reporter-output>
  </reporter-output>
  <suite started-at="2025-01-28T11:13:51 IST" name="Default suite" finished-at="2025-01-28T11:15:25 IST" duration-ms="94557">
    <groups>
      <group name="Datadriven">
        <method signature="TC_003.entrytest()[pri:0, instance:Test_Cases.TC_003@70cf32e3]" name="entrytest" class="Test_Cases.TC_003"/>
      </group> <!-- Datadriven -->
    </groups>
    <test started-at="2025-01-28T11:13:51 IST" name="Default test" finished-at="2025-01-28T11:15:25 IST" duration-ms="94557">
      <class name="Test_Cases.TC_003">
        <test-method signature="entrytest()[pri:0, instance:Test_Cases.TC_003@70cf32e3]" started-at="2025-01-28T11:13:51 IST" name="entrytest" finished-at="2025-01-28T11:15:25 IST" duration-ms="94467" status="PASS">
          <reporter-output>
          </reporter-output>
        </test-method> <!-- entrytest -->
      </class> <!-- Test_Cases.TC_003 -->
    </test> <!-- Default test -->
  </suite> <!-- Default suite -->
</testng-results>
